Thu Sep  4 11:39:37 PM CET 2025 - ALERT: Intrusion detected!
Thu Sep  4 11:47:19 PM CET 2025 - ALERT: Intrusion detected!
Thu Sep  4 11:50:20 PM CET 2025 - ALERT: Intrusion detected!
Thu Sep  4 11:50:20 PM CET 2025 - [TEST MODE] Would have blocked IP 127.0.0.1
Thu Sep  4 11:50:20 PM CET 2025 - Estimated VPN likelihood: 20%
Thu Sep  4 11:53:47 PM CET 2025 - ALERT: Intrusion detected!
Thu Sep  4 11:53:47 PM CET 2025 - Estimated VPN likelihood: 20%
Fri Sep  5 09:41:27 PM CET 2025 - ALERT: Intrusion detected!
Fri Sep  5 09:41:27 PM CET 2025 - Estimated VPN likelihood: 20%
Fri Sep  5 09:42:09 PM CET 2025 - ALERT: Intrusion detected!
Fri Sep  5 09:42:10 PM CET 2025 - [TEST MODE] Would have blocked IP 192.168.1.100
Fri Sep  5 09:42:10 PM CET 2025 - Estimated VPN likelihood: 20%
Fri Sep  5 10:14:34 PM CET 2025 - ALERT: Intrusion detected!
Fri Sep  5 10:15:18 PM CET 2025 - ALERT: Intrusion detected!
Fri Sep  5 10:19:14 PM CET 2025 - ALERT: Intrusion detected!
Fri Sep  5 10:19:19 PM CET 2025 - ALERT: Intrusion detected!
Fri Sep  5 10:22:30 PM CET 2025 - ALERT: Intrusion detected!
Fri Sep  5 10:51:36 PM CET 2025 - ALERT: Intrusion detected!
Fri Sep  5 11:03:17 PM CET 2025 - ALERT: Intrusion detected!
Fri Sep  5 11:18:02 PM CET 2025 - ALERT: Intrusion detected!
Fri Sep  5 11:46:10 PM CET 2025 - ALERT: Intrusion detected!
Fri Sep  5 11:49:39 PM CET 2025 - ALERT: Intrusion detected!
Sat Sep  6 12:19:52 AM CET 2025 - ALERT: Intrusion detected!
Sat Sep  6 12:30:43 AM CET 2025 - ALERT: Intrusion detected!
Sat Sep  6 12:31:29 AM CET 2025 - ALERT: Intrusion detected!
Sun Sep  7 09:28:53 PM CET 2025 - ALERT: Intrusion detected!
Sun Sep  7 09:59:21 PM CET 2025 - ALERT: Intrusion detected!
