Thu Sep  4 10:56:09 PM CET 2025 - Starting iec104_honeypot.py...
Thu Sep  4 10:56:09 PM CET 2025 - AMPDefend manager started (TEST_MODE=true)
Thu Sep  4 10:56:39 PM CET 2025 - Starting iec104_honeypot.py...
Thu Sep  4 10:56:39 PM CET 2025 - AMPDefend manager started (TEST_MODE=true)
Thu Sep  4 11:20:51 PM CET 2025 - Starting iec104_honeypot.py...
Thu Sep  4 11:20:51 PM CET 2025 - AMPDefend manager started (TEST_MODE=true)
Thu Sep  4 11:25:24 PM CET 2025 - Starting iec104_honeypot.py...
Thu Sep  4 11:25:24 PM CET 2025 - AMPDefend manager started (TEST_MODE=true)
Thu Sep  4 11:31:20 PM CET 2025 - Starting iec104_honeypot.py...
Thu Sep  4 11:31:20 PM CET 2025 - AMPDefend manager started (TEST_MODE=true)
Thu Sep  4 11:38:41 PM CET 2025 - Starting iec104_honeypot.py...
Thu Sep  4 11:38:41 PM CET 2025 - AMPDefend manager started (TEST_MODE=true)
Thu Sep  4 11:39:37 PM CET 2025 - ALERT: Intrusion detected!
Thu Sep  4 11:47:19 PM CET 2025 - ALERT: Intrusion detected!
Thu Sep  4 11:50:20 PM CET 2025 - ALERT: Intrusion detected!
Thu Sep  4 11:50:20 PM CET 2025 - [TEST MODE] Would have blocked IP 127.0.0.1
Thu Sep  4 11:50:20 PM CET 2025 - Estimated VPN likelihood: 20%
Thu Sep  4 11:53:47 PM CET 2025 - ALERT: Intrusion detected!
Thu Sep  4 11:53:47 PM CET 2025 - Estimated VPN likelihood: 20%
Fri Sep  5 12:01:16 AM CET 2025 - Starting iec104_honeypot.py...
Fri Sep  5 12:01:16 AM CET 2025 - AMPDefend manager started (TEST_MODE=true)
Fri Sep  5 12:12:19 AM CET 2025 - Starting iec104_honeypot.py...
Fri Sep  5 12:12:19 AM CET 2025 - AMPDefend manager started (TEST_MODE=true)
Fri Sep  5 12:14:53 AM CET 2025 - Starting modbus_honeypot.py...
Fri Sep  5 12:14:53 AM CET 2025 - Starting ocpp_honeypot.py...
Fri Sep  5 12:14:53 AM CET 2025 - Starting iec104_honeypot.py...
Fri Sep  5 12:14:53 AM CET 2025 - AMPDefend manager started (TEST_MODE=true)
Fri Sep  5 08:37:02 PM CET 2025 - Starting modbus_honeypot.py...
Fri Sep  5 08:37:02 PM CET 2025 - Starting ocpp_honeypot.py...
Fri Sep  5 08:37:02 PM CET 2025 - Starting iec104_honeypot.py...
Fri Sep  5 08:37:02 PM CET 2025 - AMPDefend manager started (TEST_MODE=true)
Fri Sep  5 08:50:34 PM CET 2025 - Starting modbus_honeypot.py...
Fri Sep  5 08:50:34 PM CET 2025 - Starting ocpp_honeypot.py...
Fri Sep  5 08:50:34 PM CET 2025 - Starting iec104_honeypot.py...
Fri Sep  5 08:50:34 PM CET 2025 - AMPDefend manager started (TEST_MODE=true)
Fri Sep  5 09:41:27 PM CET 2025 - ALERT: Intrusion detected!
Fri Sep  5 09:41:27 PM CET 2025 - Estimated VPN likelihood: 20%
Fri Sep  5 09:42:09 PM CET 2025 - ALERT: Intrusion detected!
Fri Sep  5 09:42:10 PM CET 2025 - [TEST MODE] Would have blocked IP 192.168.1.100
Fri Sep  5 09:42:10 PM CET 2025 - Estimated VPN likelihood: 20%
Fri Sep  5 10:08:22 PM CET 2025 - Starting ocpp_honeypot.py...
Fri Sep  5 10:08:22 PM CET 2025 - Starting iec104_honeypot.py...
Fri Sep  5 10:08:22 PM CET 2025 - AMPDefend manager started (TEST_MODE=true)
Fri Sep  5 10:09:05 PM CET 2025 - Starting ocpp_honeypot.py...
Fri Sep  5 10:09:05 PM CET 2025 - Starting iec104_honeypot.py...
Fri Sep  5 10:09:05 PM CET 2025 - AMPDefend manager started (TEST_MODE=true)
Fri Sep  5 10:14:34 PM CET 2025 - ALERT: Intrusion detected!
Fri Sep  5 10:15:18 PM CET 2025 - ALERT: Intrusion detected!
Fri Sep  5 10:15:44 PM CET 2025 - Starting modbus_honeypot.py...
Fri Sep  5 10:15:44 PM CET 2025 - Starting ocpp_honeypot.py...
Fri Sep  5 10:15:44 PM CET 2025 - Starting iec104_honeypot.py...
Fri Sep  5 10:15:44 PM CET 2025 - AMPDefend manager started (TEST_MODE=true)
Fri Sep  5 10:19:14 PM CET 2025 - ALERT: Intrusion detected!
Fri Sep  5 11:03:17 PM CET 2025 - ALERT: Intrusion detected!
Fri Sep  5 11:18:02 PM CET 2025 - ALERT: Intrusion detected!
Fri Sep  5 11:46:10 PM CET 2025 - ALERT: Intrusion detected!
Fri Sep  5 11:49:39 PM CET 2025 - ALERT: Intrusion detected!
Sat Sep  6 12:31:29 AM CET 2025 - ALERT: Intrusion detected!
Sat Sep  6 12:34:00 AM CET 2025 - Starting modbus_honeypot.py...
Sat Sep  6 12:34:01 AM CET 2025 - Starting ocpp_honeypot.py...
Sat Sep  6 12:34:01 AM CET 2025 - Starting iec104_honeypot.py...
Sat Sep  6 12:34:01 AM CET 2025 - AMPDefend manager started (TEST_MODE=true)
Sun Sep  7 09:28:53 PM CET 2025 - ALERT: Intrusion detected!
